1539184174230:exit
1539593302665:help
1539593310127:add 2 2
1539593314908:add 222 222
1539593322851:add 22222 22222
1539593340087:add
1539593346596:add 2
1539593351136:add 22 22 22
1539593394170:help
1539603834939:login
1539603867902:help
1539603872510:clear
1539603873762:c
1539603877971:help
1539603882375:login
1539603893369:get user
1539603946120:help
1539603949486:login
1539603962389:get user
1539603964646:logout
1539603967198:user
1539603969937:get user
1539604072845:help
1539604079894:login
1539604083028:get user
1539604086633:logout
1539604103920:login
1539604276310:help
1539604314964:login
1539604320596:get user
1539604323309:logout
1539604340777:get user
1539604401590:login
1539604410046:get user
1539604459718:login
1539604461473:get user
1539604612852:help
1539604620732:get user
1539604626055:login
1539604629685:get user
1539604636359:logout
1539604641731:get user
1539604655752:login
1539604657518:get user
1539604818653:help
1539604826637:get jsid
1539604854751:get user
1539604857370:login
1539604862607:get user
1539604865240:get jsid
1539604872363:logout
1539604874081:get user
1539604875794:get jsid
1539604914969:get user
1539604917466:get jsid
1539604921700:login
1539604923519:get user
1539604925729:get jsid
1539604928812:logout
1539604930558:get user
1539604933256:get jsid
1539604937487:get user
1539604939265:login
1539604942950:get user
1539604944719:get jsid
1539604955294:logout
1539604977835:´´et use
1539604979162:get user
1539604983786:get jsid
1539604986079:login
1539604988677:get user
1539604990612:get jsid
1539604994717:logout
1539604996283:get user
1539604998054:get jsid
1539605002403:login
1539605005831:get user
1539605012239:get jsid
1539605091582:help
1539605163187:get user
1539605173435:get jsid
1539605174906:login
1539605177095:get user
1539605178909:get jsid
1539605186059:logout
1539605187719:get user
1539605189627:get jsid
1539605261838:help
1539605282910:login aaa aaa
1539605288156:get user
1539605291712:get jsid
1539605304174:login
1539605337878:get user
1539605342717:get jsid
1539605353739:logout
1539605355674:get user
1539605358811:get jsid
1539605363031:login aaa aaa
1539605366279:get user
1539605368888:get jsid
1539605390813:help
1539605400925:login test
1539605408549:get user
1539605410777:get jsid
1539605412349:logout
1539605413772:get user
1539605416868:login aaa
1539605625731:login aaa aaa
1539605631557:get user
1539605633909:get jsid
1539605637048:logout
1539605638900:get user
1539605641237:get jsid
1539605649692:login kdfkdwmfwekmf pdfd,mf
1539605654969:login test test2
1539605661671:login test test
1539605669808:get user
1539605671763:get jsid
1539605678451:logout
1539605745981:get user
1539605750686:get jsid
1539605753238:login
1539605756423:get user
1539605758703:get jsid
1539605760254:logout
1539605764040:get user
1539605766598:get jsid
1539605770651:login aaa aaa
1539605780809:get user
1539605783578:get jsid
1539605787057:logout
1539605790446:get user
1539605792382:get jsid
1539605795077:login
1539605798403:get user
1539605800097:get jsid
1539605803318:logout
1539608005816:help
1539608024570:get user
1539608030029:get jsid
1539608036005:login aaa aaa
1539608042105:get user
1539608047169:get jsid
1539608051153:logout
1539608057822:get user
1539608060844:get jsid
1539608065758:help
1539608074743:login
1539608086218:get user
1539608088960:get jsid
1539608095120:logout
1539608098997:login
1539608101539:get jsid
1539608105530:get user
1539608110560:logout
1539608122422:login aaa
1539616511001:help
1539616513230:login
1539616515588:get user
1539616517151:get jsid
1539616519143:logout
1539616520588:get user
1539616523349:get jsid
1539616525822:clear
1539616528789:exit
1540465975971:help
1540465982924:clear
1540465984447:help
1540466002465:get user
1540466013063:login test test
1540466020055:get user
1540466201803:help
1540466204867:get user
1540466209510:get jsid
1540466216662:login
1540466230010:get user
1540466236155:get jsid
1540466243816:logout
1540467084729:help
1540467096055:get user
1540467111496:login
1540467116680:get user
1540467123646:get jsid
1540467129155:logout
1540467132021:get user
1540467141337:login aaa aaa
1540467144601:get user
1540467147820:logout
1540467149956:get user
1540467152808:get jsid
1540467158266:exit
1540472934248:help
1540472938241:login
1540472954476:logout
1540472958319:get user
1540472961916:get user 1
1540472965978:login
1540472969905:get user 223435431234353
1540472973626:get userr
1540472974802:c
1540472976839:clear
1540472981331:get user
1540472984039:clear
1540473843020:c
1540473844134:clear
1540473848604:alias c = clear
1540473851098:c
1540473852197:clear
1540473857381:exit
1540475328390:help
1540475333515:get user
1540475342273:login
1540475346742:get user
1540475349302:get jsid
1540475353858:logout
1540475362620:get user
1540475367937:get jsid
1540475374359:login aaa aaa
1540475376601:get user
1540475378373:get jsid
1540475383424:logout
1540476678556:clear
1540476692262:help
1540476710126:get user
1540476725121:login
1540476728130:get user
1540476733016:get jsid
1540476739438:logout
1540476742664:get user
1540476750224:login aaa aaa
1540476753157:get user
1540476759164:get jsid
1540476763371:logout
1540538251199:exit
